[    0.000000] Linux version 4.15.0-64-generic (buildd@lgw01-amd64-038) (gcc version 7.4.0 (Ubuntu 7.4.0-1ubuntu1~18.04.1)) #73-Ubuntu SMP Thu Sep 12 13:16:13 UTC 2019 (Ubuntu 4.15.0-64.73-generic 4.15.18)
[    0.000000] Command line: BOOT_IMAGE=/boot/vmlinuz-4.15.0-64-generic root=LABEL=cloudimg-rootfs ro console=tty1 console=ttyS0
[    0.000000] KERNEL supported cpus:
[    0.000000]   Intel GenuineIntel
[    0.000000]   AMD AuthenticAMD
[    0.000000]   Centaur CentaurHauls
[    0.000000] x86/fpu: Supporting XSAVE feature 0x001: 'x87 floating point registers'
[    0.000000] x86/fpu: Supporting XSAVE feature 0x002: 'SSE registers'
[    0.000000] x86/fpu: Supporting XSAVE feature 0x004: 'AVX registers'
[    0.000000] x86/fpu: xstate_offset[2]:  576, xstate_sizes[2]:  256
[    0.000000] x86/fpu: Enabled xstate features 0x7, context size is 832 bytes, using 'standard' format.
[    0.000000] e820: BIOS-provided physical RAM map:
[    0.000000] BIOS-e820: [mem 0x0000000000000000-0x000000000009fbff] usable
[    0.000000] BIOS-e820: [mem 0x000000000009fc00-0x000000000009ffff] reserved
[    0.000000] BIOS-e820: [mem 0x00000000000f0000-0x00000000000fffff] reserved
[    0.000000] BIOS-e820: [mem 0x0000000000100000-0x000000003ffeffff] usable
[    0.000000] BIOS-e820: [mem 0x000000003fff0000-0x000000003fffffff] ACPI data
[    0.000000] BIOS-e820: [mem 0x00000000fec00000-0x00000000fec00fff] reserved
[    0.000000] BIOS-e820: [mem 0x00000000fee00000-0x00000000fee00fff] reserved
[    0.000000] BIOS-e820: [mem 0x00000000fffc0000-0x00000000ffffffff] reserved
[    0.000000] NX (Execute Disable) protection: active
[    0.000000] SMBIOS 2.5 present.
[    0.000000] DMI: innotek GmbH VirtualBox/VirtualBox, BIOS VirtualBox 12/01/2006
[    0.000000] Hypervisor detected: KVM
[    0.000000] e820: last_pfn = 0x3fff0 max_arch_pfn = 0x400000000
[    0.000000] MTRR: Disabled
[    0.000000] x86/PAT: MTRRs disabled, skipping PAT initialization too.
[    0.000000] CPU MTRRs all blank - virtualized system.
[    0.000000] x86/PAT: Configuration [0-7]: WB  WT  UC- UC  WB  WT  UC- UC  
[    0.000000] found SMP MP-table at [mem 0x0009fff0-0x0009ffff]
[    0.000000] Scanning 1 areas for low memory corruption
[    0.000000] RAMDISK: [mem 0x35a8b000-0x36d3cfff]
[    0.000000] ACPI: Early table checksum verification disabled
[    0.000000] ACPI: RSDP 0x00000000000E0000 000024 (v02 VBOX  )
[    0.000000] ACPI: XSDT 0x000000003FFF0030 00003C (v01 VBOX   VBOXXSDT 00000001 ASL  00000061)
[    0.000000] ACPI: FACP 0x000000003FFF00F0 0000F4 (v04 VBOX   VBOXFACP 00000001 ASL  00000061)
[    0.000000] ACPI: DSDT 0x000000003FFF0470 0022EA (v02 VBOX   VBOXBIOS 00000002 INTL 20100528)
[    0.000000] ACPI: FACS 0x000000003FFF0200 000040
[    0.000000] ACPI: FACS 0x000000003FFF0200 000040
[    0.000000] ACPI: APIC 0x000000003FFF0240 00005C (v02 VBOX   VBOXAPIC 00000001 ASL  00000061)
[    0.000000] ACPI: SSDT 0x000000003FFF02A0 0001CC (v01 VBOX   VBOXCPUT 00000002 INTL 20100528)
[    0.000000] No NUMA configuration found
[    0.000000] Faking a node at [mem 0x0000000000000000-0x000000003ffeffff]
[    0.000000] NODE_DATA(0) allocated [mem 0x3ffc5000-0x3ffeffff]
[    0.000000] kvm-clock: cpu 0, msr 0:3ff44001, primary cpu clock
[    0.000000] kvm-clock: Using msrs 4b564d01 and 4b564d00
[    0.000000] kvm-clock: using sched offset of 7228173227 cycles
[    0.000000] clocksource: kvm-clock: mask: 0xffffffffffffffff max_cycles: 0x1cd42e4dffb, max_idle_ns: 881590591483 ns
[    0.000000] Zone ranges:
[    0.000000]   DMA      [mem 0x0000000000001000-0x0000000000ffffff]
[    0.000000]   DMA32    [mem 0x0000000001000000-0x000000003ffeffff]
[    0.000000]   Normal   empty
[    0.000000]   Device   empty
[    0.000000] Movable zone start for each node
[    0.000000] Early memory node ranges
[    0.000000]   node   0: [mem 0x0000000000001000-0x000000000009efff]
[    0.000000]   node   0: [mem 0x0000000000100000-0x000000003ffeffff]
[    0.000000] Reserved but unavailable: 98 pages
[    0.000000] Initmem setup node 0 [mem 0x0000000000001000-0x000000003ffeffff]
[    0.000000] ACPI: PM-Timer IO Port: 0x4008
[    0.000000] IOAPIC[0]: apic_id 2, version 32, address 0xfec00000, GSI 0-23
[    0.000000] ACPI: INT_SRC_OVR (bus 0 bus_irq 0 global_irq 2 dfl dfl)
[    0.000000] ACPI: INT_SRC_OVR (bus 0 bus_irq 9 global_irq 9 low level)
[    0.000000] Using ACPI (MADT) for SMP configuration information
[    0.000000] smpboot: Allowing 2 CPUs, 0 hotplug CPUs
[    0.000000] PM: Registered nosave memory: [mem 0x00000000-0x00000fff]
[    0.000000] PM: Registered nosave memory: [mem 0x0009f000-0x0009ffff]
[    0.000000] PM: Registered nosave memory: [mem 0x000a0000-0x000effff]
[    0.000000] PM: Registered nosave memory: [mem 0x000f0000-0x000fffff]
[    0.000000] e820: [mem 0x40000000-0xfebfffff] available for PCI devices
[    0.000000] Booting paravirtualized kernel on KVM
[    0.000000] clocksource: refined-jiffies: mask: 0xffffffff max_cycles: 0xffffffff, max_idle_ns: 7645519600211568 ns
[    0.000000] random: get_random_bytes called from start_kernel+0x99/0x4fd with crng_init=0
[    0.000000] setup_percpu: NR_CPUS:8192 nr_cpumask_bits:2 nr_cpu_ids:2 nr_node_ids:1
[    0.000000] percpu: Embedded 46 pages/cpu s151552 r8192 d28672 u1048576
[    0.000000] PV qspinlock hash table entries: 256 (order: 0, 4096 bytes)
[    0.000000] Built 1 zonelists, mobility grouping on.  Total pages: 257913
[    0.000000] Policy zone: DMA32
[    0.000000] Kernel command line: BOOT_IMAGE=/boot/vmlinuz-4.15.0-64-generic root=LABEL=cloudimg-rootfs ro console=tty1 console=ttyS0
[    0.000000] Memory: 983440K/1048120K available (12300K kernel code, 2481K rwdata, 4172K rodata, 2436K init, 2384K bss, 64680K reserved, 0K cma-reserved)
[    0.000000] SLUB: HWalign=64, Order=0-3, MinObjects=0, CPUs=2, Nodes=1
[    0.000000] Kernel/User page tables isolation: enabled
[    0.000000] ftrace: allocating 39306 entries in 154 pages
[    0.004000] Hierarchical RCU implementation.
[    0.004000] 	RCU restricting CPUs from NR_CPUS=8192 to nr_cpu_ids=2.
[    0.004000] 	Tasks RCU enabled.
[    0.004000] RCU: Adjusting geometry for rcu_fanout_leaf=16, nr_cpu_ids=2
[    0.004000] NR_IRQS: 524544, nr_irqs: 440, preallocated irqs: 16
[    0.004000] Console: colour VGA+ 80x25
[    0.004000] console [tty1] enabled
[    0.004000] console [ttyS0] enabled
[    0.004000] ACPI: Core revision 20170831
[    0.004000] ACPI: 2 ACPI AML tables successfully acquired and loaded
[    0.004000] APIC: Switch to symmetric I/O mode setup
[    0.005168] x2apic enabled
[    0.008000] Switched APIC routing to physical x2apic.
[    0.016679] ..TIMER: vector=0x30 apic1=0 pin1=2 apic2=-1 pin2=-1
[    0.020007] tsc: Detected 2208.004 MHz processor
[    0.024024] Calibrating delay loop (skipped) preset value.. 4416.00 BogoMIPS (lpj=8832016)
[    0.028009] pid_max: default: 32768 minimum: 301
[    0.032107] Security Framework initialized
[    0.035369] Yama: becoming mindful.
[    0.036069] AppArmor: AppArmor initialized
[    0.040415] Dentry cache hash table entries: 131072 (order: 8, 1048576 bytes)
[    0.044214] Inode-cache hash table entries: 65536 (order: 7, 524288 bytes)
[    0.048040] Mount-cache hash table entries: 2048 (order: 2, 16384 bytes)
[    0.052018] Mountpoint-cache hash table entries: 2048 (order: 2, 16384 bytes)
[    0.056917] Last level iTLB entries: 4KB 64, 2MB 8, 4MB 8
[    0.060008] Last level dTLB entries: 4KB 64, 2MB 0, 4MB 0, 1GB 4
[    0.064007] Spectre V1 : Mitigation: usercopy/swapgs barriers and __user pointer sanitization
[    0.068007] Spectre V2 : Mitigation: Full generic retpoline
[    0.072005] Spectre V2 : Spectre v2 / SpectreRSB mitigation: Filling RSB on context switch
[    0.076007] Speculative Store Bypass: Vulnerable
[    0.080147] MDS: Vulnerable: Clear CPU buffers attempted, no microcode
[    0.084721] Freeing SMP alternatives memory: 36K
[    0.100000] smpboot: CPU0: Intel(R) Core(TM) i7-8750H CPU @ 2.20GHz (family: 0x6, model: 0x9e, stepping: 0xa)
[    0.100214] Performance Events: unsupported p6 CPU model 158 no PMU driver, software events only.
[    0.104102] Hierarchical SRCU implementation.
[    0.109868] NMI watchdog: Perf event create on CPU 0 failed with -2
[    0.112006] NMI watchdog: Perf NMI watchdog permanently disabled
[    0.116136] smp: Bringing up secondary CPUs ...
[    0.120255] x86: Booting SMP configuration:
[    0.123512] .... node  #0, CPUs:      #1
[    0.004000] kvm-clock: cpu 1, msr 0:3ff44041, secondary cpu clock
[    0.132068] smp: Brought up 1 node, 2 CPUs
[    0.135440] smpboot: Max logical packages: 1
[    0.140017] smpboot: Total of 2 processors activated (8832.01 BogoMIPS)
[    0.144341] devtmpfs: initialized
[    0.148171] x86/mm: Memory block size: 128MB
[    0.152539] evm: security.selinux
[    0.155302] evm: security.SMACK64
[    0.156007] evm: security.SMACK64EXEC
[    0.160006] evm: security.SMACK64TRANSMUTE
[    0.164006] evm: security.SMACK64MMAP
[    0.167013] evm: security.apparmor
[    0.168006] evm: security.ima
[    0.172007] evm: security.capability
[    0.176388] clocksource: jiffies: mask: 0xffffffff max_cycles: 0xffffffff, max_idle_ns: 7645041785100000 ns
[    0.180026] futex hash table entries: 512 (order: 3, 32768 bytes)
[    0.212005] pinctrl core: initialized pinctrl subsystem
[    0.216303] RTC time:  4:32:13, date: 09/29/19
[    0.220406] NET: Registered protocol family 16
[    0.224000] audit: initializing netlink subsys (disabled)
[    0.224091] audit: type=2000 audit(1569731541.943:1): state=initialized audit_enabled=0 res=1
[    0.232023] cpuidle: using governor ladder
[    0.235186] cpuidle: using governor menu
[    0.236132] ACPI: bus type PCI registered
[    0.240009] acpiphp: ACPI Hot Plug PCI Controller Driver version: 0.5
[    0.244343] PCI: Using configuration type 1 for base access
[    0.256300] HugeTLB registered 2.00 MiB page size, pre-allocated 0 pages
[    0.260451] ACPI: Added _OSI(Module Device)
[    0.264030] ACPI: Added _OSI(Processor Device)
[    0.268007] ACPI: Added _OSI(3.0 _SCP Extensions)
[    0.272010] ACPI: Added _OSI(Processor Aggregator Device)
[    0.276009] ACPI: Added _OSI(Linux-Dell-Video)
[    0.280008] ACPI: Added _OSI(Linux-Lenovo-NV-HDMI-Audio)
[    0.284008] ACPI: Added _OSI(Linux-HPI-Hybrid-Graphics)
[    0.289154] ACPI: Executed 1 blocks of module-level executable AML code
[    0.312000] ACPI: Interpreter enabled
[    0.312044] ACPI: (supports S0 S5)
[    0.316007] ACPI: Using IOAPIC for interrupt routing
[    0.321082] PCI: Using host bridge windows from ACPI; if necessary, use "pci=nocrs" and report a bug
[    0.324751] ACPI: Enabled 2 GPEs in block 00 to 07
[    0.356967] ACPI: PCI Root Bridge [PCI0] (domain 0000 [bus 00-ff])
[    0.360025] acpi PNP0A03:00: _OSC: OS supports [ASPM ClockPM Segments MSI]
[    0.369375] acpi PNP0A03:00: _OSC: not requesting OS control; OS requires [ExtendedConfig ASPM ClockPM MSI]
[    0.372044] acpi PNP0A03:00: fail to add MMCONFIG information, can't access extended PCI configuration space under this bridge.
[    0.377489] PCI host bridge to bus 0000:00
[    0.380014] pci_bus 0000:00: root bus resource [io  0x0000-0x0cf7 window]
[    0.384010] pci_bus 0000:00: root bus resource [io  0x0d00-0xffff window]
[    0.388012] pci_bus 0000:00: root bus resource [mem 0x000a0000-0x000bffff window]
[    0.392012] pci_bus 0000:00: root bus resource [mem 0x40000000-0xfdffffff window]
[    0.396011] pci_bus 0000:00: root bus resource [bus 00-ff]
[    0.409221] pci 0000:00:01.1: legacy IDE quirk: reg 0x10: [io  0x01f0-0x01f7]
[    0.412009] pci 0000:00:01.1: legacy IDE quirk: reg 0x14: [io  0x03f6]
[    0.416009] pci 0000:00:01.1: legacy IDE quirk: reg 0x18: [io  0x0170-0x0177]
[    0.420008] pci 0000:00:01.1: legacy IDE quirk: reg 0x1c: [io  0x0376]
[    0.473131] pci 0000:00:07.0: quirk: [io  0x4000-0x403f] claimed by PIIX4 ACPI
[    0.476058] pci 0000:00:07.0: quirk: [io  0x4100-0x410f] claimed by PIIX4 SMB
[    0.496415] ACPI: PCI Interrupt Link [LNKA] (IRQs 5 9 10 *11)
[    0.501295] ACPI: PCI Interrupt Link [LNKB] (IRQs 5 9 *10 11)
[    0.504464] ACPI: PCI Interrupt Link [LNKC] (IRQs 5 *9 10 11)
[    0.508478] ACPI: PCI Interrupt Link [LNKD] (IRQs 5 9 10 *11)
[    0.516522] SCSI subsystem initialized
[    0.520077] pci 0000:00:02.0: vgaarb: setting as boot VGA device
[    0.524000] pci 0000:00:02.0: vgaarb: VGA device added: decodes=io+mem,owns=io+mem,locks=none
[    0.524013] pci 0000:00:02.0: vgaarb: bridge control possible
[    0.528007] vgaarb: loaded
[    0.532068] ACPI: bus type USB registered
[    0.535119] usbcore: registered new interface driver usbfs
[    0.536032] usbcore: registered new interface driver hub
[    0.540089] usbcore: registered new device driver usb
[    0.544189] EDAC MC: Ver: 3.0.0
[    0.548741] PCI: Using ACPI for IRQ routing
[    0.552843] NetLabel: Initializing
[    0.556007] NetLabel:  domain hash size = 128
[    0.560005] NetLabel:  protocols = UNLABELED CIPSOv4 CALIPSO
[    0.564057] NetLabel:  unlabeled traffic allowed by default
[    0.568279] clocksource: Switched to clocksource kvm-clock
[    0.682905] VFS: Disk quotas dquot_6.6.0
[    0.686258] VFS: Dquot-cache hash table entries: 512 (order 0, 4096 bytes)
[    0.691918] AppArmor: AppArmor Filesystem Enabled
[    0.695736] pnp: PnP ACPI init
[    0.702803] pnp: PnP ACPI: found 3 devices
[    0.732684] clocksource: acpi_pm: mask: 0xffffff max_cycles: 0xffffff, max_idle_ns: 2085701024 ns
[    0.739009] NET: Registered protocol family 2
[    0.781426] TCP established hash table entries: 8192 (order: 4, 65536 bytes)
[    0.786630] TCP bind hash table entries: 8192 (order: 5, 131072 bytes)
[    0.791404] TCP: Hash tables configured (established 8192 bind 8192)
[    0.796001] UDP hash table entries: 512 (order: 2, 16384 bytes)
[    0.800461] UDP-Lite hash table entries: 512 (order: 2, 16384 bytes)
[    0.804429] NET: Registered protocol family 1
[    0.808493] pci 0000:00:00.0: Limiting direct PCI/PCI transfers
[    0.813053] pci 0000:00:01.0: Activating ISA DMA hang workarounds
[    0.817775] pci 0000:00:02.0: Video device with shadowed ROM at [mem 0x000c0000-0x000dffff]
[    0.824881] Unpacking initramfs...
[    2.681920] Freeing initrd memory: 19144K
[    2.685388] clocksource: tsc: mask: 0xffffffffffffffff max_cycles: 0x1fd3bc108c2, max_idle_ns: 440795311349 ns
[    2.692860] platform rtc_cmos: registered platform RTC device (no PNP device found)
[    2.699045] Scanning for low memory corruption every 60 seconds
[    2.705782] Initialise system trusted keyrings
[    2.709487] Key type blacklist registered
[    2.713124] workingset: timestamp_bits=36 max_order=18 bucket_order=0
[    2.722151] zbud: loaded
[    2.726669] squashfs: version 4.0 (2009/01/31) Phillip Lougher
[    2.732133] fuse init (API version 7.26)
[    2.749560] Key type asymmetric registered
[    2.753009] Asymmetric key parser 'x509' registered
[    2.757205] Block layer SCSI generic (bsg) driver version 0.4 loaded (major 246)
[    2.763613] io scheduler noop registered
[    2.766874] io scheduler deadline registered
[    2.770545] io scheduler cfq registered (default)
[    2.775342] ACPI: AC Adapter [AC] (off-line)
[    2.779028] input: Power Button as /devices/LNXSYSTM:00/LNXPWRBN:00/input/input0
[    2.785437] ACPI: Power Button [PWRF]
[    2.788684] input: Sleep Button as /devices/LNXSYSTM:00/LNXSLPBN:00/input/input1
[    2.795242] ACPI: Sleep Button [SLPF]
[    2.802965] ACPI: Battery Slot [BAT0] (battery present)
[    2.807170] Serial: 8250/16550 driver, 32 ports, IRQ sharing enabled
[    2.834786] 00:02: ttyS0 at I/O 0x3f8 (irq = 4, base_baud = 115200) is a 16550A
[    2.855848] Linux agpgart interface v0.103
[    2.866533] loop: module loaded
[    2.871473] scsi host0: ata_piix
[    2.875046] scsi host1: ata_piix
[    2.878027] ata1: PATA max UDMA/33 cmd 0x1f0 ctl 0x3f6 bmdma 0xd000 irq 14
[    2.883096] ata2: PATA max UDMA/33 cmd 0x170 ctl 0x376 bmdma 0xd008 irq 15
[    2.888548] libphy: Fixed MDIO Bus: probed
[    2.891805] tun: Universal TUN/TAP device driver, 1.6
[    2.896701] PPP generic driver version 2.4.2
[    2.900411] ehci_hcd: USB 2.0 'Enhanced' Host Controller (EHCI) Driver
[    2.905361] ehci-pci: EHCI PCI platform driver
[    2.908900] ehci-platform: EHCI generic platform driver
[    2.912956] ohci_hcd: USB 1.1 'Open' Host Controller (OHCI) Driver
[    2.917543] ohci-pci: OHCI PCI platform driver
[    2.921024] ohci-platform: OHCI generic platform driver
[    2.924571] uhci_hcd: USB Universal Host Controller Interface driver
[    2.929453] i8042: PNP: PS/2 Controller [PNP0303:PS2K,PNP0f03:PS2M] at 0x60,0x64 irq 1,12
[    2.937446] serio: i8042 KBD port at 0x60,0x64 irq 1
[    2.941969] serio: i8042 AUX port at 0x60,0x64 irq 12
[    2.946740] mousedev: PS/2 mouse device common for all mice
[    2.953725] input: AT Translated Set 2 keyboard as /devices/platform/i8042/serio0/input/input2
[    2.960360] rtc_cmos rtc_cmos: rtc core: registered rtc_cmos as rtc0
[    2.966044] rtc_cmos rtc_cmos: alarms up to one day, 114 bytes nvram
[    2.970788] i2c /dev entries driver
[    2.973670] device-mapper: uevent: version 1.0.3
[    2.977772] device-mapper: ioctl: 4.37.0-ioctl (2017-09-20) initialised: dm-devel@redhat.com
[    2.984516] ledtrig-cpu: registered to indicate activity on CPUs
[    2.991563] NET: Registered protocol family 10
[    3.008900] Segment Routing with IPv6
[    3.011957] NET: Registered protocol family 17
[    3.015769] Key type dns_resolver registered
[    3.020039] mce: Using 0 MCE banks
[    3.022888] RAS: Correctable Errors collector initialized.
[    3.027373] sched_clock: Marking stable (3027332024, 0)->(4159510631, -1132178607)
[    3.034812] registered taskstats version 1
[    3.037891] Loading compiled-in X.509 certificates
[    3.049373] Loaded X.509 cert 'Build time autogenerated kernel key: 9ff85db0b1f72c0c954e4d2eaca5a9366845820b'
[    3.056949] zswap: loaded using pool lzo/zbud
[    3.072757] Key type big_key registered
[    3.075755] Key type trusted registered
[    3.085193] Key type encrypted registered
[    3.088209] AppArmor: AppArmor sha1 policy hashing enabled
[    3.092355] ima: No TPM chip found, activating TPM-bypass! (rc=-19)
[    3.096763] ima: Allocated hash algorithm: sha1
[    3.100172] evm: HMAC attrs: 0x1
[    3.103660]   Magic number: 3:99:516
[    3.106976] rtc_cmos rtc_cmos: setting system clock to 2019-09-29 04:32:16 UTC (1569731536)
[    3.114170] BIOS EDD facility v0.16 2004-Jun-25, 0 devices found
[    3.118475] EDD information not available.
[    3.130007] Freeing unused kernel image memory: 2436K
[    3.144687] Write protecting the kernel read-only data: 20480k
[    3.150325] Freeing unused kernel image memory: 2008K
[    3.154934] Freeing unused kernel image memory: 1972K
[    3.183924] x86/mm: Checked W+X mappings: passed, no W+X pages found.
[    3.187876] x86/mm: Checking user space page tables
[    3.214380] x86/mm: Checked W+X mappings: passed, no W+X pages found.
Loading, please wait...
starting version 237
[    3.477210] Fusion MPT base driver 3.04.20
[    3.480553] Copyright (c) 1999-2008 LSI Corporation
[    3.500830] e1000: Intel(R) PRO/1000 Network Driver - version 7.3.21-k8-NAPI
[    3.506170] e1000: Copyright (c) 1999-2006 Intel Corporation.
[    3.518183] Fusion MPT SPI Host driver 3.04.20
[    3.591555] AVX2 version of gcm_enc/dec engaged.
[    3.595587] AES CTR mode by8 optimization enabled
[    3.723316] input: ImExPS/2 Generic Explorer Mouse as /devices/platform/i8042/serio1/input/input4
[    4.133754] e1000 0000:00:03.0 eth0: (PCI:33MHz:32-bit) 02:ab:ce:93:e0:e3
[    4.138364] e1000 0000:00:03.0 eth0: Intel(R) PRO/1000 Network Connection
[    4.146624] mptbase: ioc0: Initiating bringup
[    4.151578] e1000 0000:00:03.0 enp0s3: renamed from eth0
[    4.245076] ioc0: LSI53C1030 A0: Capabilities={Initiator}
[    4.496579] scsi host2: ioc0: LSI53C1030 A0, FwRev=00000000h, Ports=1, MaxQ=256, IRQ=20
[    4.669328] scsi 2:0:0:0: Direct-Access     VBOX     HARDDISK         1.0  PQ: 0 ANSI: 5
[    5.348209] scsi target2:0:0: Beginning Domain Validation
[    5.358634] scsi target2:0:0: Domain Validation skipping write tests
[    5.363621] scsi target2:0:0: Ending Domain Validation
[    5.368049] scsi target2:0:0: asynchronous
[    5.373341] random: fast init done
[    5.376367] scsi 2:0:1:0: Direct-Access     VBOX     HARDDISK         1.0  PQ: 0 ANSI: 5
[    5.651902] scsi target2:0:1: Beginning Domain Validation
[    5.662793] scsi target2:0:1: Domain Validation skipping write tests
[    5.667635] scsi target2:0:1: Ending Domain Validation
[    5.672008] scsi target2:0:1: asynchronous
[    5.693283] sd 2:0:0:0: Attached scsi generic sg0 type 0
[    5.693298] random: systemd-udevd: uninitialized urandom read (16 bytes read)
[    5.698180] sd 2:0:1:0: Attached scsi generic sg1 type 0
[    5.702818] random: systemd-udevd: uninitialized urandom read (16 bytes read)
[    5.712064] random: systemd-udevd: uninitialized urandom read (16 bytes read)
[    5.717819] sd 2:0:0:0: [sda] 20971520 512-byte logical blocks: (10.7 GB/10.0 GiB)
[    5.724141] sd 2:0:1:0: [sdb] 20480 512-byte logical blocks: (10.5 MB/10.0 MiB)
[    5.729837] sd 2:0:0:0: [sda] Write Protect is off
[    5.733674] sd 2:0:1:0: [sdb] Write Protect is off
[    5.737917] sd 2:0:0:0: [sda] Incomplete mode parameter data
[    5.738321] sd 2:0:1:0: [sdb] Incomplete mode parameter data
[    5.742175] sd 2:0:0:0: [sda] Assuming drive cache: write through
[    5.746618] sd 2:0:1:0: [sdb] Assuming drive cache: write through
[    5.761874]  sda: sda1
[    5.772774] sd 2:0:0:0: [sda] Attached SCSI disk
[    5.778618] sd 2:0:1:0: [sdb] Attached SCSI disk
Begin: Loading essential drivers ... [    8.640073] raid6: sse2x1   gen()  3069 MB/s
[    8.688747] raid6: sse2x1   xor()  2227 MB/s
[    8.740493] raid6: sse2x2   gen()  3931 MB/s
[    8.788321] raid6: sse2x2   xor()  2993 MB/s
[    8.836155] raid6: sse2x4   gen()  5206 MB/s
[    8.884061] raid6: sse2x4   xor()  3139 MB/s
[    8.932039] raid6: avx2x1   gen()  6788 MB/s
[    8.980692] raid6: avx2x1   xor()  5185 MB/s
[    9.028119] raid6: avx2x2   gen()  8893 MB/s
[    9.076263] raid6: avx2x2   xor()  5569 MB/s
[    9.124067] raid6: avx2x4   gen() 10114 MB/s
[    9.172873] raid6: avx2x4   xor()  6517 MB/s
[    9.175776] raid6: using algorithm avx2x4 gen() 10114 MB/s
[    9.179264] raid6: .... xor() 6517 MB/s, rmw enabled
[    9.182513] raid6: using avx2x2 recovery algorithm
[    9.189516] xor: automatically using best checksumming function   avx       
[    9.197916] async_tx: api initialized (async)
done.
Begin: Running /scripts/init-premount ... done.
Begin: Mounting root file system ... Begin: Running /scripts/local-top ... done.
Begin: Running /scripts/local-premount ... [    9.364416] Btrfs loaded, crc32c=crc32c-intel
Scanning for Btrfs filesystems
done.
Warning: fsck not present, so skipping root file system
[    9.464472] EXT4-fs (sda1): mounted filesystem with ordered data mode. Opts: (null)
done.
Begin: Running /scripts/local-bottom ... done.
Begin: Running /scripts/init-bottom ... done.
[    9.887150] ip_tables: (C) 2000-2006 Netfilter Core Team
[    9.915719] systemd[1]: systemd 237 running in system mode. (+PAM +AUDIT +SELINUX +IMA +APPARMOR +SMACK +SYSVINIT +UTMP +LIBCRYPTSETUP +GCRYPT +GNUTLS +ACL +XZ +LZ4 +SECCOMP +BLKID +ELFUTILS +KMOD -IDN2 +IDN -PCRE2 default-hierarchy=hybrid)
[    9.930906] systemd[1]: Detected virtualization oracle.
[    9.934983] systemd[1]: Detected architecture x86-64.

Welcome to [1mUbuntu 18.04.3 LTS[0m!

[    9.955967] systemd[1]: Set hostname to <ubuntu>.
[    9.967709] systemd[1]: Initializing machine ID from random generator.
[    9.972596] systemd[1]: Installed transient /etc/machine-id file.
[   10.626905] systemd[1]: Reached target User and Group Name Lookups.
[[0;32m  OK  [0m] Reached target User and Group Name Lookups.
[   10.640181] systemd[1]: Created slice User and Session Slice.
[[0;32m  OK  [0m] Created slice User and Session Slice.
[   10.659665] systemd[1]: Reached target System Time Synchronized.
[[0;32m  OK  [0m] Reached target System Time Synchronized.
[   10.682202] systemd[1]: Created slice System Slice.
[[0;32m  OK  [0m] Created slice System Slice.
[[0;32m  OK  [0m] Listening on udev Kernel Socket.
[[0;32m  OK  [0m] Listening on Journal Socket.
[[0;32m  OK  [0m] Listening on Journal Audit Socket.
[[0;32m  OK  [0m] Listening on LVM2 poll daemon socket.
         Starting Uncomplicated firewall...
         Starting Remount Root and Kernel File Systems...
[[0;32m  OK  [0m] Listening on /dev/initctl Compatibility Named Pipe.
[[0;32m  OK  [0m] Listening on Device-mapper event daemon FIFOs.
         Starting Set the console keyboard layout...
[[0;32m  OK  [0m] Reached target Slices.
[   10.760699] EXT4-fs (sda1): re-mounted. Opts: (null)
[[0;32m  OK  [0m] Listening on Network Service Netlink Socket.
[[0;32m  OK  [0m] Created slice system-serial\x2dgetty.slice.
         Mounting POSIX Message Queue File System...
[[0;32m  OK  [0m] Set up automount Arbitrary Executab…rmats File System Automount Point.
         Mounting Kernel Debug File System...
         Mounting Huge Pages File System...
         Starting Create list of required st…ce nodes for the current kernel...
[[0;32m  OK  [0m] Listening on udev Control Socket.
         Starting udev Coldplug all Devices...
[[0;32m  OK  [0m] Started Forward Password Requests to Wall Directory Watch.
[[0;32m  OK  [0m] Listening on LVM2 metadata daemon socket.
         Starting Monitoring of LVM2 mirrors…ng dmeventd or progress polling...
[[0;32m  OK  [0m] Listening on Syslog Socket.
         Starting Load Kernel Modules...
[[0;32m  OK  [0m] Reached target Swap.
[[0;32m  OK  [0m] Listening on Journal Socket (/dev/log).
         Starting Journal Service...
[[0;32m  OK  [0m] Started Uncomplicated firewall.
[[0;32m  OK  [0m] Started Remount Root and Kernel File Systems.
[[0;32m  OK  [0m] Mounted POSIX Message Queue File System.
[[0;32m  OK  [0m] Mounted Kernel Debug File System.
[[0;32m  OK  [0m] Mounted Huge Pages File System.
[[0;32m  OK  [0m] Started Create list of required sta…vice nodes for the current kernel.
         Starting Create Static Device Nodes in /dev...
         Starting Load/Save Random Seed...
[   11.006757] Loading iSCSI transport class v2.0-870.
[[0;32m  OK  [0m] Started LVM2 metadata daemon.
[[0;32m  OK  [0m] Started Load/Save Random Seed.
[[0;32m  OK  [0m] Started Create Static Device Nodes in /dev.
         Starting udev Kernel Device Manager...
[   11.249290] iscsi: registered transport (tcp)
[[0;32m  OK  [0m] Started udev Coldplug all Devices.
[[0;32m  OK  [0m] Started Monitoring of LVM2 mirrors,…sing dmeventd or progress polling.
[[0;32m  OK  [0m] Started Journal Service.
         Starting Flush Journal to Persistent Storage...
[   11.416292] random: crng init done
[   11.419081] random: 7 urandom warning(s) missed due to ratelimiting
[[0;32m  OK  [0m] Started udev Kernel Device Manager.
[   11.497540] systemd-journald[407]: Received request to flush runtime journal from PID 1
[   11.752221] iscsi: registered transport (iser)
[[0;32m  OK  [0m] Started Load Kernel Modules.
         Mounting Kernel Configuration File System...
         Starting Apply Kernel Variables...
         Mounting FUSE Control File System...
[[0;32m  OK  [0m] Started Flush Journal to Persistent Storage.
[[0;32m  OK  [0m] Mounted Kernel Configuration File System.
[[0;32m  OK  [0m] Mounted FUSE Control File System.
[[0;32m  OK  [0m] Started Apply Kernel Variables.
[[0;32m  OK  [0m] Found device /dev/ttyS0.
[[0;32m  OK  [0m] Listening on Load/Save RF Kill Switch Status /dev/rfkill Watch.
[[0;32m  OK  [0m] Started Set the console keyboard layout.
[[0;32m  OK  [0m] Started Dispatch Password Requests to Console Directory Watch.
[[0;32m  OK  [0m] Reached target Local Encrypted Volumes.
[[0;32m  OK  [0m] Reached target Local File Systems (Pre).
[[0;32m  OK  [0m] Reached target Local File Systems.
         Starting Tell Plymouth To Write Out Runtime Data...
         Starting AppArmor initialization...
         Starting Create Volatile Files and Directories...
         Starting ebtables ruleset management...
         Starting Commit a transient machine-id on disk...
         Starting Set console font and keymap...
[[0;32m  OK  [0m] Started Tell Plymouth To Write Out Runtime Data.
[[0;32m  OK  [0m] Started Set console font and keymap.
[[0;32m  OK  [0m] Started Create Volatile Files and Directories.
         Starting Update UTMP about System Boot/Shutdown...
[[0;32m  OK  [0m] Started Commit a transient machine-id on disk.
[[0;32m  OK  [0m] Started Update UTMP about System Boot/Shutdown.
[[0;32m  OK  [0m] Started ebtables ruleset management.
[[0;32m  OK  [0m] Started AppArmor initialization.
         Starting Initial cloud-init job (pre-networking)...
[   24.970343] cloud-init[578]: Cloud-init v. 19.2-24-ge7881d5c-0ubuntu1~18.04.1 running 'init-local' at Sun, 29 Sep 2019 04:32:36 +0000. Up 23.37 seconds.
[[0;32m  OK  [0m] Started Initial cloud-init job (pre-networking).
[[0;32m  OK  [0m] Reached target Network (Pre).
         Starting Network Service...
[[0;32m  OK  [0m] Started Network Service.
         Starting Network Name Resolution...
         Starting Wait for Network to be Configured...
[[0;32m  OK  [0m] Started Network Name Resolution.
[[0;32m  OK  [0m] Reached target Network.
[[0;32m  OK  [0m] Reached target Host and Network Name Lookups.
[[0;32m  OK  [0m] Started Wait for Network to be Configured.
         Starting Initial cloud-init job (metadata service crawler)...
[   29.740410] cloud-init[695]: Cloud-init v. 19.2-24-ge7881d5c-0ubuntu1~18.04.1 running 'init' at Sun, 29 Sep 2019 04:32:42 +0000. Up 28.95 seconds.
[   29.756442] cloud-init[695]: ci-info: ++++++++++++++++++++++++++++++++++++++Net device info++++++++++++++++++++++++++++++++++++++
[   29.772608] cloud-init[695]: ci-info: +--------+------+----------------------------+---------------+--------+-------------------+
[   29.777014] cloud-init[695]: ci-info: | Device |  Up  |          Address           |      Mask     | Scope  |     Hw-Address    |
[   29.793195] cloud-init[695]: ci-info: +--------+------+----------------------------+---------------+--------+-------------------+
[   29.796983] cloud-init[695]: ci-info: | enp0s3 | True |         10.0.2.15          | 255.255.255.0 | global | 02:ab:ce:93:e0:e3 |
[   29.801367] cloud-init[695]: ci-info: | enp0s3 | True | fe80::ab:ceff:fe93:e0e3/64 |       .       |  link  | 02:ab:ce:93:e0:e3 |
[   29.806057] cloud-init[695]: ci-info: |   lo   | True |         127.0.0.1          |   255.0.0.0   |  host  |         .         |
[   29.820459] cloud-init[695]: ci-info: |   lo   | True |          ::1/128           |       .       |  host  |         .         |
[   29.825606] cloud-init[695]: ci-info: +--------+------+----------------------------+---------------+--------+-------------------+
[   29.831264] cloud-init[695]: ci-info: ++++++++++++++++++++++++++++Route IPv4 info+++++++++++++++++++++++++++++
[   29.836938] cloud-init[695]: ci-info: +-------+-------------+----------+-----------------+-----------+-------+
[   29.842543] cloud-init[695]: ci-info: | Route | Destination | Gateway  |     Genmask     | Interface | Flags |
[   29.848601] cloud-init[695]: ci-info: +-------+-------------+----------+-----------------+-----------+-------+
[   29.854319] cloud-init[695]: ci-info: |   0   |   0.0.0.0   | 10.0.2.2 |     0.0.0.0     |   enp0s3  |   UG  |
[   29.868545] cloud-init[695]: ci-info: |   1   |   10.0.2.0  | 0.0.0.0  |  255.255.255.0  |   enp0s3  |   U   |
[   29.874430] cloud-init[695]: ci-info: |   2   |   10.0.2.2  | 0.0.0.0  | 255.255.255.255 |   enp0s3  |   UH  |
[   29.878040] cloud-init[695]: ci-info: +-------+-------------+----------+-----------------+-----------+-------+
[   29.882079] cloud-init[695]: ci-info: +++++++++++++++++++Route IPv6 info+++++++++++++++++++
[   29.885229] cloud-init[695]: ci-info: +-------+-------------+---------+-----------+-------+
[   29.888659] cloud-init[695]: ci-info: | Route | Destination | Gateway | Interface | Flags |
[   29.892737] cloud-init[695]: ci-info: +-------+-------------+---------+-----------+-------+
[   29.896541] cloud-init[695]: ci-info: |   1   |  fe80::/64  |    ::   |   enp0s3  |   U   |
[   29.901119] cloud-init[695]: ci-info: |   3   |    local    |    ::   |   enp0s3  |   U   |
[   29.905913] cloud-init[695]: ci-info: |   4   |   ff00::/8  |    ::   |   enp0s3  |   U   |
[   29.909957] cloud-init[695]: ci-info: +-------+-------------+---------+-----------+-------+
[   31.832388] cloud-init[695]: Generating public/private rsa key pair.
[   31.835361] cloud-init[695]: Your identification has been saved in /etc/ssh/ssh_host_rsa_key.
[   31.848628] cloud-init[695]: Your public key has been saved in /etc/ssh/ssh_host_rsa_key.pub.
[   31.853064] cloud-init[695]: The key fingerprint is:
[   31.865208] cloud-init[695]: SHA256:iVoX2sB7yxUVndn5Goar6cd/rY5jNkW7weFDjZUdE5s root@ubuntu-bionic
[   31.868579] cloud-init[695]: The key's randomart image is:
[   31.870644] cloud-init[695]: +---[RSA 2048]----+
[   31.873031] cloud-init[695]: |            oo B*|
[   31.884682] cloud-init[695]: |     .     .  +oB|
[   31.896465] cloud-init[695]: |      o . .  . E.|
[   31.898038] cloud-init[695]: |       * o .. B o|
[   31.909087] cloud-init[695]: |      = S .  B = |
[   31.920824] cloud-init[695]: |     o + o  . O  |
[   31.932646] cloud-init[695]: |    .   o  + . +.|
[   31.945264] cloud-init[695]: |          o B.. o|
[   31.956542] cloud-init[695]: |         ..+.=+o |
[   31.968667] cloud-init[695]: +----[SHA256]-----+
[   31.980390] cloud-init[695]: Generating public/private dsa key pair.
[   31.983268] cloud-init[695]: Your identification has been saved in /etc/ssh/ssh_host_dsa_key.
[   31.987338] cloud-init[695]: Your public key has been saved in /etc/ssh/ssh_host_dsa_key.pub.
[   31.991111] cloud-init[695]: The key fingerprint is:
[   31.994047] cloud-init[695]: SHA256:6oYKsXifL+SIDWCKg8DCWGhUWLcK4TcluXihnX8+X1I root@ubuntu-bionic
[[0;32m  OK  [0m] Started Initial cloud-init job (metadata service crawler).
[   32.010828] cloud-init[[0;32m  OK  [0m] Reached target System Initialization.
[[0;32m  OK  [0m] Started Daily apt download activities.
[[0;32m  OK  [0m] Started ACPI Events Check.
[[0;32m  OK  [0m] Listening on D-Bus System Message Bus Socket.
[695]: The key's randomart image is:         Starting Socket activation for snappy daemon.
[[0;32m  OK  [0m] Started Daily apt upgrade and clean activities.
[[0;32m  OK  [0m] Started Message of the Day.
[[0;32m  OK  [0m] Reached target Paths.

         Starting LXD - unix socket.
[   32.044537] cloud-init[695]: +---[DSA 1024]----+
[   32.046389] [[0;32m  OK  [0m] Listening on Open-iSCSI iscsid Socket.
[[0;32m  OK  [0m] Listening on UUID daemon activation socket.
[[0;32m  OK  [0m] Started Discard unused blocks once a week.
[[0;32m  OK  [0m] Started Daily Cleanup of Temporary Directories.
[[0;32m  OK  [0m] Reached target Timers.
[[0;32m  OK  [0m] Listening on ACPID Listen Socket.
[cloud-init[695]: |.+++.o           |
[   32.058837] cloud-init[695]: |oooo+ .          |
[0;32m  OK  [0m] Reached target Network is Online.
[   32.060524] cloud-init[695]: [[0;32m  OK  [0m] Reached target Remote File Systems (Pre).
[[0;32m  OK  [0m] Reached target Remote File Systems.
|=++o+.           |
         Starting Availability of block devices...
[   32.089607] [[0;32m  OK  [0m] Reached target Cloud-config availability.
[[0;32m  OK  [0m] Listening on Socket activation for snappy daemon.
[[0;32m  OK  [0m] Listening on LXD - unix socket.
[[0;32m  OK  [0m] Started Availability of block devices.
[[0;32m  OK  [0m] Reached target Sockets.
[[0;32m  OK  [0m] Reached target Basic System.
cloud-init         Starting Login Service...
[695]: |=*o=o            |
         Starting Dispatcher daemon for systemd-networkd...
[   32.118761] cloud-init[695]: |X ...   S  E     |[[0;32m  OK  [0m] Started FUSE filesystem for LXC.

[[0;32m  OK  [0m] Started D-Bus System Message Bus.
[   32.132315] cloud-init[695]: |Bo  .. o  .      |
[   32.137214] cloud-init[695]: |+=.+ .+  . .     |
[   32.140220] cloud-init[695]: |.oo.+o.o  o      |
[   32.152793] cloud-init[695]: |  ..o+o o.       |
[   32.154754] cloud-init[695]: +----[SHA256]-----+
[   32.156423] cloud-init[695]: Generating public/private ecdsa key pair.
[   32.159272] cloud-init[695]: Your identification has been saved in /etc/ssh/ssh_host_ecdsa_key.
[   32.165034] cloud-init[695]: Your public key has been saved in /etc/ssh/ssh_host_ecdsa_key.pub.
[   32.167756] cloud-init[695]: The key fingerprint is:
[   32.180552] cloud-init[695]: SHA256:7P2ppgiv3LDNLKGtmm27+eGAB0YVWrWAadCBy4LkGYI root@ubuntu-bionic
[   32.192986] cloud-init[695]: The key's randomart image is:
[   32.195284] cloud-init[695]: +---[ECDSA 256]---+
[   32.197174] cloud-init[695]: |+o+*o.           |
[   32.204171] cloud-init[695]: |E*= . .          |
[   32.206638] cloud-init[695]: |B+o  .           |
[   32.209443] cloud-init[695]: |=+     .         |
[   32.211651] cloud-init[695]: |o.      S        |
[   32.213852] cloud-init[695]: |.o  .  . .       |
[   32.217227] cloud-init[695]: |. oo+.  . .      |
[   32.219612] cloud-init[695]: | +o=o@ .  .. .   |
[   32.224288] cloud-init[695]: |oo*=*oB .o..o    |
[   32.227101] cloud-init[695]: +----[SHA256]-----+
         Starting Pollinate to seed the pseudo random number generator...
         Starting Virtualbox guest utils...
[   32.228826] cloud-init[695]: Generating public/private ed25519 key pair.
         Starting Permit User Sessions...
[   32.250439] cloud-init[695]: Your identification has been saved in /etc/ssh/ssh_host_ed25519_key.
         Starting LXD - container startup/shutdown...
         Starting Accounts Service...
[   32.279460] cloud-init[695]: Your public key has been saved in /etc/ssh/ssh_host_ed25519_key.pub.
[[0;32m  OK  [0m] Started Deferred execution scheduler.
         Starting System Logging Service...
[   32.314952] cloud-init[695]: The key fingerprint is:
[   32.334326] cloud-init[695]: SHA256:RiIZbLtYzivuczWzT72xxhPPO+hH5I5vMHfjtpJQhds root@ubuntu-bionic
         Starting LSB: Record successful boot for GRUB...
[   32.344680] cloud-init[695]: The key's randomart image is:
[   32.350226] cloud-init[695]: +--[ED25519 256]--+
[   32.354028] cloud-init[695]: |   ..        .   |
[   32.356500] cloud-init[695]: |    oo      . .  |
[   32.359024] cloud-init[695]: |   .o.. .    +   |
[   32.362858] cloud-init[695]: |    o. o    + E  |
[   32.366212] cloud-init[695]: |   = .  S  +     |
[   32.371423] cloud-init[695]: |  . + +. .= + o  |
[   32.377523] cloud-init[695]: |     o +..o& + . |
[   32.380383] cloud-init[695]: |  o o ..  *+X o  |
[   32.386532] cloud-init[695]: | oo+   ..o+=o=.. |
[   32.391050] cloud-init[695]: +----[SHA256]-----+
[[0;32m  OK  [0m] Started irqbalance daemon.
[[0;32m  OK  [0m] Started Regular background program processing daemon.
         Starting LSB: automatic crash report generation...
         Starting Snappy daemon...
[[0;32m  OK  [0m] Started System Logging Service.
[[0;32m  OK  [0m] Started Permit User Sessions.
[[0;32m  OK  [0m] Started Login Service.
[[0;32m  OK  [0m] Started Unattended Upgrades Shutdown.
         Starting Terminate Plymouth Boot Screen...
         Starting Hold until boot process finishes up...
[[0;32m  OK  [0m] Started Terminate Plymouth Boot Screen.
[[0;32m  OK  [0m] Started Hold until boot process finishes up.
         Starting Set console scheme...
[[0;32m  OK  [0m] Started Serial Getty on ttyS0.
[[0;32m  OK  [0m] Started Set console scheme.
[[0;32m  OK  [0m] Created slice system-getty.slice.
[[0;32m  OK  [0m] Started Getty on tty1.
[[0;32m  OK  [0m] Reached target Login Prompts.
[[0;32m  OK  [0m] Started LSB: Record successful boot for GRUB.
[[0;32m  OK  [0m] Started LSB: automatic crash report generation.
         Starting Authorization Manager...
[[0;32m  OK  [0m] Started LXD - container startup/shutdown.
[[0;32m  OK  [0m] Started Authorization Manager.
[[0;32m  OK  [0m] Started Accounts Service.
[[0;32m  OK  [0m] Started Virtualbox guest utils.
[[0;32m  OK  [0m] Started Dispatcher daemon for systemd-networkd.
[[0;32m  OK  [0m] Started Snappy daemon.
         Starting Wait until snapd is fully seeded...
[[0;32m  OK  [0m] Started Pollinate to seed the pseudo random number generator.
         Starting OpenBSD Secure Shell server...
[[0;32m  OK  [0m] Started OpenBSD Secure Shell server.
[[0;32m  OK  [0m] Created slice User Slice of vagrant.
         Starting User Manager for UID 1000...
[[0;32m  OK  [0m] Started Session 1 of user vagrant.
[[0;32m  OK  [0m] Started User Manager for UID 1000.

Ubuntu 18.04.3 LTS ubuntu-bionic ttyS0

ubuntu-bionic login: [   44.290811] cloud-init[1160]: Cloud-init v. 19.2-24-ge7881d5c-0ubuntu1~18.04.1 running 'modules:config' at Sun, 29 Sep 2019 04:32:56 +0000. Up 42.71 seconds.
ci-info: no authorized ssh keys fingerprints found for user ubuntu.
<14>Sep 29 04:33:00 ec2: 
<14>Sep 29 04:33:00 ec2: #############################################################
<14>Sep 29 04:33:00 ec2: -----BEGIN SSH HOST KEY FINGERPRINTS-----
<14>Sep 29 04:33:00 ec2: 1024 SHA256:6oYKsXifL+SIDWCKg8DCWGhUWLcK4TcluXihnX8+X1I root@ubuntu-bionic (DSA)
<14>Sep 29 04:33:00 ec2: 256 SHA256:7P2ppgiv3LDNLKGtmm27+eGAB0YVWrWAadCBy4LkGYI root@ubuntu-bionic (ECDSA)
<14>Sep 29 04:33:00 ec2: 256 SHA256:RiIZbLtYzivuczWzT72xxhPPO+hH5I5vMHfjtpJQhds root@ubuntu-bionic (ED25519)
<14>Sep 29 04:33:00 ec2: 2048 SHA256:iVoX2sB7yxUVndn5Goar6cd/rY5jNkW7weFDjZUdE5s root@ubuntu-bionic (RSA)
<14>Sep 29 04:33:00 ec2: -----END SSH HOST KEY FINGERPRINTS-----
<14>Sep 29 04:33:00 ec2: #############################################################
-----BEGIN SSH HOST KEY KEYS-----
ecdsa-sha2-nistp256 AAAAE2VjZHNhLXNoYTItbmlzdHAyNTYAAAAIbmlzdHAyNTYAAABBBJj52DYDjSQb8gswHpZZsEg4Lt4Dq57SGDG5hvtdB2UashA6/0k8+4ezJHjnlWEr0C1djxVJEmtECpnmVONvSSM= root@ubuntu-bionic
ssh-ed25519 AAAAC3NzaC1lZDI1NTE5AAAAIKxoz6Rbcj4DY0AmwsdrBoPmWQC7M8uixhrpRViKY1zO root@ubuntu-bionic
ssh-rsa AAAAB3NzaC1yc2EAAAADAQABAAABAQCcRmkhxQhWmVIbbYwHRE73Geq6llYephJicnTa0wvjRmo3U2zwe2V3/rfwXEirjQ2jAt7W3UQdHai2wbyGmmaxwbfnR1rVP73OaCXRr2HJEecf1lqZgxKvD02hhK9Gvl23wwMVW6KhXVy1rpv9QFZSgYTazuve/XfjwvpZYdS3yjSibj+rH2KW2RZnRdXtXj8Vqf1fptqVZh/sJAbEsjmjEbbb4eWnFoaL37t/vRYWhUEBUL5JV70Sz5oyhT3Ml2/2YBXFbbrJ2u3aifOEDvarha1xcyIOyIRyowRCXY5XfgaLNzFnhYswjg+LvMNNiUKHRe439Kw1gA/a13OHNIAD root@ubuntu-bionic
-----END SSH HOST KEY KEYS-----
[   47.016538] cloud-init[1327]: Cloud-init v. 19.2-24-ge7881d5c-0ubuntu1~18.04.1 running 'modules:final' at Sun, 29 Sep 2019 04:32:59 +0000. Up 46.40 seconds.
[   47.022230] cloud-init[1327]: ci-info: no authorized ssh keys fingerprints found for user ubuntu.
[   47.025784] cloud-init[1327]: Cloud-init v. 19.2-24-ge7881d5c-0ubuntu1~18.04.1 finished at Sun, 29 Sep 2019 04:33:00 +0000. Datasource DataSourceNoCloud [seed=/dev/sdb][dsmode=net].  Up 46.97 seconds
